<?xml version="1.0" encoding="utf-8"?><testsuites name="pytest tests"><testsuite name="pytest" errors="0" failures="0" skipped="0" tests="13" time="41.569" timestamp="2026-09-07T04:44:13.945550+00:00" hostname="agent-env-43eca989-59da-410b-900d-50b990284173"><testcase classname="tests.test_events_manage_rbac.TestEventsManageRBAC" name="test_00_admin_activate_default" time="4.677" /><testcase classname="tests.test_events_manage_rbac.TestEventsManageRBAC" name="test_01_admin_create_event" time="5.417" /><testcase classname="tests.test_events_manage_rbac.TestEventsManageRBAC" name="test_02_admin_get_canManage_true" time="1.175" /><testcase classname="tests.test_events_manage_rbac.TestEventsManageRBAC" name="test_03_admin_patch_same_id_no_duplicate" time="6.758" /><testcase classname="tests.test_events_manage_rbac.TestEventsManageRBAC" name="test_04_member_canManage_false" time="2.499" /><testcase classname="tests.test_events_manage_rbac.TestEventsManageRBAC" name="test_05_member_patch_forbidden" time="0.815" /><testcase classname="tests.test_events_manage_rbac.TestEventsManageRBAC" name="test_06_member_delete_forbidden" time="0.877" /><testcase classname="tests.test_events_manage_rbac.TestEventsManageRBAC" name="test_07_promote_member3_event_manager_default" time="3.884" /><testcase classname="tests.test_events_manage_rbac.TestEventsManageRBAC" name="test_08_member3_canManage_true_on_default" time="2.306" /><testcase classname="tests.test_events_manage_rbac.TestEventsManageRBAC" name="test_09_member3_switch_to_samajB_and_patch_forbidden" time="4.848" /><testcase classname="tests.test_events_manage_rbac.TestEventsManageRBAC" name="test_10_restore_member3_role_and_default" time="3.705" /><testcase classname="tests.test_events_manage_rbac.TestEventsManageRBAC" name="test_11_samajB_user_cannot_get_default_event" time="3.319" /><testcase classname="tests.test_events_manage_rbac.TestEventsManageRBAC" name="test_99_cleanup_delete_event" time="1.225" /></testsuite></testsuites>