<?xml version="1.0" encoding="utf-8"?><testsuites name="pytest tests"><testsuite name="pytest" errors="0" failures="1" skipped="2" tests="64" time="85.306" timestamp="2026-09-06T11:23:24.794014+00:00" hostname="agent-env-43eca989-59da-410b-900d-50b990284173"><testcase classname="tests.test_isolation_fix_retest.TestIsolationFix" name="test_setup_activate_default" time="5.305" /><testcase classname="tests.test_phase3_photos_hall.TestNoUnauthorized" name="test_member_no_401[/auth/me]" time="1.197" /><testcase classname="tests.test_phase3_photos_hall.TestNoUnauthorized" name="test_member_no_401[/members?limit=5]" time="4.556" /><testcase classname="tests.test_isolation_fix_retest.TestIsolationFix" name="test_create_samaj_only_album" time="4.684" /><testcase classname="tests.test_phase3_photos_hall.TestNoUnauthorized" name="test_member_no_401[/search?q=a]" time="14.378" /><testcase classname="tests.test_isolation_fix_retest.TestIsolationFix" name="test_create_private_album" time="4.605" /><testcase classname="tests.test_isolation_fix_retest.TestIsolationFix" name="test_create_samaj_only_post" time="4.725" /><testcase classname="tests.test_isolation_fix_retest.TestIsolationFix" name="test_create_private_post" time="1.973" /><testcase classname="tests.test_phase3_photos_hall.TestNoUnauthorized" name="test_member_no_401[/posts?limit=5]" time="3.600" /><testcase classname="tests.test_isolation_fix_retest.TestIsolationFix" name="test_create_samaj_only_event" time="2.498"><skipped type="pytest.skip" message="events create not supported here: 422 {&quot;detail&quot;:[{&quot;type&quot;:&quot;missing&quot;,&quot;loc&quot;:[&quot;body&quot;,&quot;date&quot;],&quot;msg&quot;:&quot;Field required&quot;,&quot;input&quot;:{&quot;title&quot;:&quot;TEST_iso_samaj_event&quot;,&quot;visib">/app/backend/tests/test_isolation_fix_retest.py:103: events create not supported here: 422 {"detail":[{"type":"missing","loc":["body","date"],"msg":"Field required","input":{"title":"TEST_iso_samaj_event","visib</skipped></testcase><testcase classname="tests.test_phase3_photos_hall.TestNoUnauthorized" name="test_member_no_401[/events]" time="2.394" /><testcase classname="tests.test_isolation_fix_retest.TestIsolationFix" name="test_default_context_lists_own_samaj_album" time="3.949" /><testcase classname="tests.test_phase3_photos_hall.TestNoUnauthorized" name="test_member_no_401[/conversations]" time="0.852" /><testcase classname="tests.test_phase3_photos_hall.TestNoUnauthorized" name="test_member_no_401[/live/rooms]" time="1.111" /><testcase classname="tests.test_isolation_fix_retest.TestIsolationFix" name="test_default_context_get_own_samaj_album_200" time="1.314" /><testcase classname="tests.test_phase3_photos_hall.TestNoUnauthorized" name="test_member_no_401[/notifications]" time="1.138" /><testcase classname="tests.test_phase3_photos_hall.TestNoUnauthorized" name="test_member_no_401[/albums]" time="2.328" /><testcase classname="tests.test_isolation_fix_retest.TestIsolationFix" name="test_default_context_posts_authored_lists_own" time="2.720" /><testcase classname="tests.test_phase3_photos_hall.TestNoUnauthorized" name="test_member_no_401[/halls]" time="0.893" /><testcase classname="tests.test_isolation_fix_retest.TestIsolationFix" name="test_default_context_get_own_samaj_post_200" time="0.834" /><testcase classname="tests.test_phase3_photos_hall.TestNoUnauthorized" name="test_member_no_401[/hashtags/trending]" time="0.985" /><testcase classname="tests.test_isolation_fix_retest.TestIsolationFix" name="test_activate_samaj_b" time="1.448" /><testcase classname="tests.test_phase3_photos_hall.TestNoUnauthorized" name="test_admin_no_401[/auth/me]" time="0.902" /><testcase classname="tests.test_isolation_fix_retest.TestIsolationFix" name="test_samajB_albums_list_excludes_default_samaj_album" time="2.357" /><testcase classname="tests.test_phase3_photos_hall.TestNoUnauthorized" name="test_admin_no_401[/members?limit=5]" time="1.598" /><testcase classname="tests.test_phase3_photos_hall.TestNoUnauthorized" name="test_admin_no_401[/search?q=a]" time="5.433" /><testcase classname="tests.test_isolation_fix_retest.TestIsolationFix" name="test_samajB_get_default_samaj_album_404" time="0.841" /><testcase classname="tests.test_isolation_fix_retest.TestIsolationFix" name="test_samajB_get_private_album_200" time="0.874" /><testcase classname="tests.test_isolation_fix_retest.TestIsolationFix" name="test_samajB_posts_authored_excludes_default_samaj_post" time="2.397" /><testcase classname="tests.test_isolation_fix_retest.TestIsolationFix" name="test_samajB_get_default_samaj_post_404" time="1.046" /><testcase classname="tests.test_phase3_photos_hall.TestNoUnauthorized" name="test_admin_no_401[/posts?limit=5]" time="2.500" /><testcase classname="tests.test_isolation_fix_retest.TestIsolationFix" name="test_samajB_get_private_post_200" time="1.022" /><testcase classname="tests.test_isolation_fix_retest.TestIsolationFix" name="test_samajB_events_excludes_default_samaj_event" time="0.000"><skipped type="pytest.skip" message="no samaj event created">/app/backend/tests/test_isolation_fix_retest.py:166: no samaj event created</skipped></testcase><testcase classname="tests.test_isolation_fix_retest.TestIsolationFix" name="test_super_admin_sees_default_samaj_album_from_any_context" time="0.927" /><testcase classname="tests.test_isolation_fix_retest.TestIsolationFix" name="test_super_admin_sees_default_samaj_post" time="1.184" /><testcase classname="tests.test_phase3_photos_hall.TestNoUnauthorized" name="test_admin_no_401[/events]" time="2.010" /><testcase classname="tests.test_isolation_fix_retest.TestIsolationFix" name="test_member3_activate_samaj_b" time="3.731" /><testcase classname="tests.test_phase3_photos_hall.TestNoUnauthorized" name="test_admin_no_401[/conversations]" time="0.875" /><testcase classname="tests.test_phase3_photos_hall.TestNoUnauthorized" name="test_admin_no_401[/live/rooms]" time="0.839" /><testcase classname="tests.test_phase3_photos_hall.TestNoUnauthorized" name="test_admin_no_401[/notifications]" time="1.047" /><testcase classname="tests.test_isolation_fix_retest.TestIsolationFix" name="test_member3_get_default_samaj_album_404" time="1.036" /><testcase classname="tests.test_phase3_photos_hall.TestNoUnauthorized" name="test_admin_no_401[/albums]" time="2.659" /><testcase classname="tests.test_isolation_fix_retest.TestIsolationFix" name="test_member3_get_default_samaj_post_404" time="0.991" /><testcase classname="tests.test_isolation_fix_retest.TestIsolationFix" name="test_cleanup" time="9.401" /><testcase classname="tests.test_phase3_photos_hall.TestNoUnauthorized" name="test_admin_no_401[/halls]" time="0.841" /><testcase classname="tests.test_phase3_photos_hall.TestNoUnauthorized" name="test_admin_no_401[/hashtags/trending]" time="1.299" /><testcase classname="tests.test_phase3_photos_hall.TestNoUnauthorized" name="test_admin_no_401[/admin/bookings?status=pending]" time="1.099" /><testcase classname="tests.test_phase3_photos_hall.TestNoUnauthorized" name="test_admin_no_401[/admin/stats]" time="5.362" /><testcase classname="tests.test_phase3_photos_hall.TestHallBooking" name="test_list_halls_member" time="0.850" /><testcase classname="tests.test_phase3_photos_hall.TestAlbumsAndPhotos" name="test_member_create_public_album_forbidden" time="1.253" /><testcase classname="tests.test_phase3_photos_hall.TestHallBooking" name="test_member_cannot_create_hall" time="0.567" /><testcase classname="tests.test_phase3_photos_hall.TestAlbumsAndPhotos" name="test_member_create_samaj_album" time="1.414" /><testcase classname="tests.test_phase3_photos_hall.TestHallBooking" name="test_member_cannot_view_admin_bookings" time="0.625" /><testcase classname="tests.test_phase3_photos_hall.TestHallBooking" name="test_admin_can_list_halls_and_bookings" time="1.804" /><testcase classname="tests.test_phase3_photos_hall.TestAlbumsAndPhotos" name="test_list_albums_contains_created" time="2.438" /><testcase classname="tests.test_phase3_photos_hall.TestHallBooking" name="test_booking_conflict_and_capacity" time="2.451" /><testcase classname="tests.test_phase3_photos_hall.TestAlbumsAndPhotos" name="test_add_photo_and_list" time="4.299" /><testcase classname="tests.test_phase3_photos_hall.TestHallBooking" name="test_booking_create_and_cancel" time="4.980"><failure message="assert False&#10; +  where False = any(&lt;generator object TestHallBooking.test_booking_create_and_cancel.&lt;locals&gt;.&lt;genexpr&gt; at 0xff49870fc660&gt;)">backend/tests/test_phase3_photos_hall.py:177: in test_booking_create_and_cancel
    assert any(b["id"] == bid for b in my.json()["items"])
E   assert False
E    +  where False = any(&lt;generator object TestHallBooking.test_booking_create_and_cancel.&lt;locals&gt;.&lt;genexpr&gt; at 0xff49870fc660&gt;)</failure></testcase><testcase classname="tests.test_phase3_photos_hall.TestAlbumsAndPhotos" name="test_samaj_b_isolation_get_404_and_upload_403" time="6.961" /><testcase classname="tests.test_phase3_photos_hall.TestDevices" name="test_register_short_token_400" time="0.459" /><testcase classname="tests.test_phase3_photos_hall.TestDevices" name="test_register_and_delete_ok" time="2.067" /><testcase classname="tests.test_phase3_photos_hall.TestSamajRoles" name="test_admin_set_role_and_hall_manage_flip" time="11.202" /><testcase classname="tests.test_phase3_photos_hall.TestAlbumsAndPhotos" name="test_delete_album_cleanup" time="1.630" /><testcase classname="tests.test_phase3_photos_hall.TestTrending" name="test_trending_endpoint" time="1.000" /></testsuite></testsuites>