<?xml version="1.0" encoding="utf-8"?><testsuites name="pytest tests"><testsuite name="pytest" errors="0" failures="0" skipped="2" tests="24" time="61.351" timestamp="2026-09-06T11:21:10.552895+00:00" hostname="agent-env-43eca989-59da-410b-900d-50b990284173"><testcase classname="tests.test_isolation_fix_retest.TestIsolationFix" name="test_setup_activate_default" time="5.363" /><testcase classname="tests.test_isolation_fix_retest.TestIsolationFix" name="test_create_samaj_only_album" time="2.801" /><testcase classname="tests.test_isolation_fix_retest.TestIsolationFix" name="test_create_private_album" time="4.062" /><testcase classname="tests.test_isolation_fix_retest.TestIsolationFix" name="test_create_samaj_only_post" time="2.782" /><testcase classname="tests.test_isolation_fix_retest.TestIsolationFix" name="test_create_private_post" time="2.790" /><testcase classname="tests.test_isolation_fix_retest.TestIsolationFix" name="test_create_samaj_only_event" time="3.440"><skipped type="pytest.skip" message="events create not supported here: 422 {&quot;detail&quot;:[{&quot;type&quot;:&quot;missing&quot;,&quot;loc&quot;:[&quot;body&quot;,&quot;date&quot;],&quot;msg&quot;:&quot;Field required&quot;,&quot;input&quot;:{&quot;title&quot;:&quot;TEST_iso_samaj_event&quot;,&quot;visib">/app/backend/tests/test_isolation_fix_retest.py:103: events create not supported here: 422 {"detail":[{"type":"missing","loc":["body","date"],"msg":"Field required","input":{"title":"TEST_iso_samaj_event","visib</skipped></testcase><testcase classname="tests.test_isolation_fix_retest.TestIsolationFix" name="test_default_context_lists_own_samaj_album" time="3.271" /><testcase classname="tests.test_isolation_fix_retest.TestIsolationFix" name="test_default_context_get_own_samaj_album_200" time="0.889" /><testcase classname="tests.test_isolation_fix_retest.TestIsolationFix" name="test_default_context_posts_authored_lists_own" time="6.904" /><testcase classname="tests.test_isolation_fix_retest.TestIsolationFix" name="test_default_context_get_own_samaj_post_200" time="2.388" /><testcase classname="tests.test_isolation_fix_retest.TestIsolationFix" name="test_activate_samaj_b" time="2.738" /><testcase classname="tests.test_isolation_fix_retest.TestIsolationFix" name="test_samajB_albums_list_excludes_default_samaj_album" time="4.295" /><testcase classname="tests.test_isolation_fix_retest.TestIsolationFix" name="test_samajB_get_default_samaj_album_404" time="0.832" /><testcase classname="tests.test_isolation_fix_retest.TestIsolationFix" name="test_samajB_get_private_album_200" time="0.854" /><testcase classname="tests.test_isolation_fix_retest.TestIsolationFix" name="test_samajB_posts_authored_excludes_default_samaj_post" time="2.105" /><testcase classname="tests.test_isolation_fix_retest.TestIsolationFix" name="test_samajB_get_default_samaj_post_404" time="0.850" /><testcase classname="tests.test_isolation_fix_retest.TestIsolationFix" name="test_samajB_get_private_post_200" time="0.842" /><testcase classname="tests.test_isolation_fix_retest.TestIsolationFix" name="test_samajB_events_excludes_default_samaj_event" time="0.000"><skipped type="pytest.skip" message="no samaj event created">/app/backend/tests/test_isolation_fix_retest.py:166: no samaj event created</skipped></testcase><testcase classname="tests.test_isolation_fix_retest.TestIsolationFix" name="test_super_admin_sees_default_samaj_album_from_any_context" time="0.841" /><testcase classname="tests.test_isolation_fix_retest.TestIsolationFix" name="test_super_admin_sees_default_samaj_post" time="0.875" /><testcase classname="tests.test_isolation_fix_retest.TestIsolationFix" name="test_member3_activate_samaj_b" time="3.275" /><testcase classname="tests.test_isolation_fix_retest.TestIsolationFix" name="test_member3_get_default_samaj_album_404" time="0.828" /><testcase classname="tests.test_isolation_fix_retest.TestIsolationFix" name="test_member3_get_default_samaj_post_404" time="0.836" /><testcase classname="tests.test_isolation_fix_retest.TestIsolationFix" name="test_cleanup" time="7.407" /></testsuite></testsuites>