<?xml version="1.0" encoding="utf-8"?><testsuites name="pytest tests"><testsuite name="pytest" errors="0" failures="1" skipped="0" tests="40" time="45.024" timestamp="2026-09-06T11:22:19.745794+00:00" hostname="agent-env-43eca989-59da-410b-900d-50b990284173"><testcase classname="tests.test_phase3_photos_hall.TestNoUnauthorized" name="test_member_no_401[/auth/me]" time="0.998" /><testcase classname="tests.test_phase3_photos_hall.TestAlbumsAndPhotos" name="test_member_create_public_album_forbidden" time="1.074" /><testcase classname="tests.test_phase3_photos_hall.TestNoUnauthorized" name="test_member_no_401[/members?limit=5]" time="1.312" /><testcase classname="tests.test_phase3_photos_hall.TestAlbumsAndPhotos" name="test_member_create_samaj_album" time="1.522" /><testcase classname="tests.test_phase3_photos_hall.TestNoUnauthorized" name="test_member_no_401[/search?q=a]" time="4.755" /><testcase classname="tests.test_phase3_photos_hall.TestAlbumsAndPhotos" name="test_list_albums_contains_created" time="2.508" /><testcase classname="tests.test_phase3_photos_hall.TestAlbumsAndPhotos" name="test_add_photo_and_list" time="4.055" /><testcase classname="tests.test_phase3_photos_hall.TestNoUnauthorized" name="test_member_no_401[/posts?limit=5]" time="2.998" /><testcase classname="tests.test_phase3_photos_hall.TestAlbumsAndPhotos" name="test_samaj_b_isolation_get_404_and_upload_403" time="7.044" /><testcase classname="tests.test_phase3_photos_hall.TestNoUnauthorized" name="test_member_no_401[/events]" time="1.979" /><testcase classname="tests.test_phase3_photos_hall.TestNoUnauthorized" name="test_member_no_401[/conversations]" time="0.842" /><testcase classname="tests.test_phase3_photos_hall.TestNoUnauthorized" name="test_member_no_401[/live/rooms]" time="0.835" /><testcase classname="tests.test_phase3_photos_hall.TestNoUnauthorized" name="test_member_no_401[/notifications]" time="0.865" /><testcase classname="tests.test_phase3_photos_hall.TestNoUnauthorized" name="test_member_no_401[/albums]" time="2.509" /><testcase classname="tests.test_phase3_photos_hall.TestAlbumsAndPhotos" name="test_delete_album_cleanup" time="1.507" /><testcase classname="tests.test_phase3_photos_hall.TestNoUnauthorized" name="test_member_no_401[/halls]" time="0.843" /><testcase classname="tests.test_phase3_photos_hall.TestHallBooking" name="test_list_halls_member" time="0.844" /><testcase classname="tests.test_phase3_photos_hall.TestNoUnauthorized" name="test_member_no_401[/hashtags/trending]" time="0.958" /><testcase classname="tests.test_phase3_photos_hall.TestHallBooking" name="test_member_cannot_create_hall" time="0.481" /><testcase classname="tests.test_phase3_photos_hall.TestHallBooking" name="test_member_cannot_view_admin_bookings" time="0.450" /><testcase classname="tests.test_phase3_photos_hall.TestNoUnauthorized" name="test_admin_no_401[/auth/me]" time="0.964" /><testcase classname="tests.test_phase3_photos_hall.TestNoUnauthorized" name="test_admin_no_401[/members?limit=5]" time="1.598" /><testcase classname="tests.test_phase3_photos_hall.TestHallBooking" name="test_admin_can_list_halls_and_bookings" time="2.445" /><testcase classname="tests.test_phase3_photos_hall.TestNoUnauthorized" name="test_admin_no_401[/search?q=a]" time="4.837" /><testcase classname="tests.test_phase3_photos_hall.TestHallBooking" name="test_booking_conflict_and_capacity" time="2.392" /><testcase classname="tests.test_phase3_photos_hall.TestHallBooking" name="test_booking_create_and_cancel" time="6.353" /><testcase classname="tests.test_phase3_photos_hall.TestNoUnauthorized" name="test_admin_no_401[/posts?limit=5]" time="2.777" /><testcase classname="tests.test_phase3_photos_hall.TestNoUnauthorized" name="test_admin_no_401[/events]" time="1.994" /><testcase classname="tests.test_phase3_photos_hall.TestDevices" name="test_register_short_token_400" time="0.773" /><testcase classname="tests.test_phase3_photos_hall.TestNoUnauthorized" name="test_admin_no_401[/conversations]" time="0.840" /><testcase classname="tests.test_phase3_photos_hall.TestDevices" name="test_register_and_delete_ok" time="1.814" /><testcase classname="tests.test_phase3_photos_hall.TestNoUnauthorized" name="test_admin_no_401[/live/rooms]" time="0.825" /><testcase classname="tests.test_phase3_photos_hall.TestNoUnauthorized" name="test_admin_no_401[/notifications]" time="0.923" /><testcase classname="tests.test_phase3_photos_hall.TestTrending" name="test_trending_endpoint" time="1.347" /><testcase classname="tests.test_phase3_photos_hall.TestNoUnauthorized" name="test_admin_no_401[/albums]" time="2.706" /><testcase classname="tests.test_phase3_photos_hall.TestSamajRoles" name="test_admin_set_role_and_hall_manage_flip" time="2.958"><failure message="assert False is True">backend/tests/test_phase3_photos_hall.py:221: in test_admin_set_role_and_hall_manage_flip
    assert h.json()["canManage"] is True
E   assert False is True</failure></testcase><testcase classname="tests.test_phase3_photos_hall.TestNoUnauthorized" name="test_admin_no_401[/halls]" time="0.844" /><testcase classname="tests.test_phase3_photos_hall.TestNoUnauthorized" name="test_admin_no_401[/hashtags/trending]" time="0.959" /><testcase classname="tests.test_phase3_photos_hall.TestNoUnauthorized" name="test_admin_no_401[/admin/bookings?status=pending]" time="0.853" /><testcase classname="tests.test_phase3_photos_hall.TestNoUnauthorized" name="test_admin_no_401[/admin/stats]" time="5.671" /></testsuite></testsuites>