<?xml version="1.0" encoding="utf-8"?><testsuites name="pytest tests"><testsuite name="pytest" errors="0" failures="1" skipped="0" tests="40" time="99.869" timestamp="2026-09-06T11:09:41.388526+00:00" hostname="agent-env-43eca989-59da-410b-900d-50b990284173"><testcase classname="tests.test_phase3_photos_hall.TestAlbumsAndPhotos" name="test_member_create_public_album_forbidden" time="1.158" /><testcase classname="tests.test_phase3_photos_hall.TestAlbumsAndPhotos" name="test_member_create_samaj_album" time="1.990" /><testcase classname="tests.test_phase3_photos_hall.TestAlbumsAndPhotos" name="test_list_albums_contains_created" time="2.131" /><testcase classname="tests.test_phase3_photos_hall.TestAlbumsAndPhotos" name="test_add_photo_and_list" time="8.311" /><testcase classname="tests.test_phase3_photos_hall.TestAlbumsAndPhotos" name="test_samaj_b_isolation_get_404_and_upload_403" time="5.979"><failure message="AssertionError: Samaj B should not see default samaj album (isolation leak via createdBy query)&#10;assert 'qnPIFMaRdz0EnnLy8b5a' not in ['qnPIFMaRdz0EnnLy8b5a', 'ydjYxyzHebhWdEzZebWq', '5R2t2p3mVOpyIOnJXTUX']">E   AssertionError: Samaj B should not see default samaj album (isolation leak via createdBy query)
    assert 'qnPIFMaRdz0EnnLy8b5a' not in ['qnPIFMaRdz0EnnLy8b5a', 'ydjYxyzHebhWdEzZebWq', '5R2t2p3mVOpyIOnJXTUX']</failure></testcase><testcase classname="tests.test_phase3_photos_hall.TestAlbumsAndPhotos" name="test_delete_album_cleanup" time="1.233" /><testcase classname="tests.test_phase3_photos_hall.TestHallBooking" name="test_list_halls_member" time="0.847" /><testcase classname="tests.test_phase3_photos_hall.TestHallBooking" name="test_member_cannot_create_hall" time="0.484" /><testcase classname="tests.test_phase3_photos_hall.TestHallBooking" name="test_member_cannot_view_admin_bookings" time="0.447" /><testcase classname="tests.test_phase3_photos_hall.TestHallBooking" name="test_admin_can_list_halls_and_bookings" time="2.170" /><testcase classname="tests.test_phase3_photos_hall.TestHallBooking" name="test_booking_conflict_and_capacity" time="5.090" /><testcase classname="tests.test_phase3_photos_hall.TestHallBooking" name="test_booking_create_and_cancel" time="15.406" /><testcase classname="tests.test_phase3_photos_hall.TestTrending" name="test_trending_endpoint" time="1.435" /><testcase classname="tests.test_phase3_photos_hall.TestDevices" name="test_register_short_token_400" time="0.816" /><testcase classname="tests.test_phase3_photos_hall.TestDevices" name="test_register_and_delete_ok" time="1.685" /><testcase classname="tests.test_phase3_photos_hall.TestSamajRoles" name="test_admin_set_role_and_hall_manage_flip" time="10.573" /><testcase classname="tests.test_phase3_photos_hall.TestNoUnauthorized" name="test_member_no_401[/auth/me]" time="0.473" /><testcase classname="tests.test_phase3_photos_hall.TestNoUnauthorized" name="test_member_no_401[/members?limit=5]" time="1.230" /><testcase classname="tests.test_phase3_photos_hall.TestNoUnauthorized" name="test_member_no_401[/search?q=a]" time="4.165" /><testcase classname="tests.test_phase3_photos_hall.TestNoUnauthorized" name="test_member_no_401[/posts?limit=5]" time="2.305" /><testcase classname="tests.test_phase3_photos_hall.TestNoUnauthorized" name="test_member_no_401[/events]" time="2.087" /><testcase classname="tests.test_phase3_photos_hall.TestNoUnauthorized" name="test_member_no_401[/conversations]" time="0.843" /><testcase classname="tests.test_phase3_photos_hall.TestNoUnauthorized" name="test_member_no_401[/live/rooms]" time="0.866" /><testcase classname="tests.test_phase3_photos_hall.TestNoUnauthorized" name="test_member_no_401[/notifications]" time="0.856" /><testcase classname="tests.test_phase3_photos_hall.TestNoUnauthorized" name="test_member_no_401[/albums]" time="1.984" /><testcase classname="tests.test_phase3_photos_hall.TestNoUnauthorized" name="test_member_no_401[/halls]" time="0.855" /><testcase classname="tests.test_phase3_photos_hall.TestNoUnauthorized" name="test_member_no_401[/hashtags/trending]" time="1.203" /><testcase classname="tests.test_phase3_photos_hall.TestNoUnauthorized" name="test_admin_no_401[/auth/me]" time="0.481" /><testcase classname="tests.test_phase3_photos_hall.TestNoUnauthorized" name="test_admin_no_401[/members?limit=5]" time="1.246" /><testcase classname="tests.test_phase3_photos_hall.TestNoUnauthorized" name="test_admin_no_401[/search?q=a]" time="4.416" /><testcase classname="tests.test_phase3_photos_hall.TestNoUnauthorized" name="test_admin_no_401[/posts?limit=5]" time="2.508" /><testcase classname="tests.test_phase3_photos_hall.TestNoUnauthorized" name="test_admin_no_401[/events]" time="1.977" /><testcase classname="tests.test_phase3_photos_hall.TestNoUnauthorized" name="test_admin_no_401[/conversations]" time="0.842" /><testcase classname="tests.test_phase3_photos_hall.TestNoUnauthorized" name="test_admin_no_401[/live/rooms]" time="0.871" /><testcase classname="tests.test_phase3_photos_hall.TestNoUnauthorized" name="test_admin_no_401[/notifications]" time="0.863" /><testcase classname="tests.test_phase3_photos_hall.TestNoUnauthorized" name="test_admin_no_401[/albums]" time="1.982" /><testcase classname="tests.test_phase3_photos_hall.TestNoUnauthorized" name="test_admin_no_401[/halls]" time="0.835" /><testcase classname="tests.test_phase3_photos_hall.TestNoUnauthorized" name="test_admin_no_401[/hashtags/trending]" time="0.981" /><testcase classname="tests.test_phase3_photos_hall.TestNoUnauthorized" name="test_admin_no_401[/admin/bookings?status=pending]" time="0.923" /><testcase classname="tests.test_phase3_photos_hall.TestNoUnauthorized" name="test_admin_no_401[/admin/stats]" time="5.222" /></testsuite></testsuites>