<?xml version="1.0" encoding="utf-8"?><testsuites name="pytest tests"><testsuite name="pytest" errors="0" failures="1" skipped="0" tests="40" time="49.482" timestamp="2026-09-06T11:25:01.987988+00:00" hostname="agent-env-43eca989-59da-410b-900d-50b990284173"><testcase classname="tests.test_phase3_photos_hall.TestAlbumsAndPhotos" name="test_member_create_public_album_forbidden" time="0.922" /><testcase classname="tests.test_phase3_photos_hall.TestNoUnauthorized" name="test_member_no_401[/auth/me]" time="0.923" /><testcase classname="tests.test_phase3_photos_hall.TestAlbumsAndPhotos" name="test_member_create_samaj_album" time="1.246" /><testcase classname="tests.test_phase3_photos_hall.TestNoUnauthorized" name="test_member_no_401[/members?limit=5]" time="1.598" /><testcase classname="tests.test_phase3_photos_hall.TestAlbumsAndPhotos" name="test_list_albums_contains_created" time="2.354" /><testcase classname="tests.test_phase3_photos_hall.TestNoUnauthorized" name="test_member_no_401[/search?q=a]" time="4.737" /><testcase classname="tests.test_phase3_photos_hall.TestAlbumsAndPhotos" name="test_add_photo_and_list" time="3.960" /><testcase classname="tests.test_phase3_photos_hall.TestNoUnauthorized" name="test_member_no_401[/posts?limit=5]" time="3.264" /><testcase classname="tests.test_phase3_photos_hall.TestAlbumsAndPhotos" name="test_samaj_b_isolation_get_404_and_upload_403" time="7.004" /><testcase classname="tests.test_phase3_photos_hall.TestNoUnauthorized" name="test_member_no_401[/events]" time="2.354" /><testcase classname="tests.test_phase3_photos_hall.TestNoUnauthorized" name="test_member_no_401[/conversations]" time="0.827" /><testcase classname="tests.test_phase3_photos_hall.TestNoUnauthorized" name="test_member_no_401[/live/rooms]" time="0.957" /><testcase classname="tests.test_phase3_photos_hall.TestNoUnauthorized" name="test_member_no_401[/notifications]" time="1.065" /><testcase classname="tests.test_phase3_photos_hall.TestAlbumsAndPhotos" name="test_delete_album_cleanup" time="1.463" /><testcase classname="tests.test_phase3_photos_hall.TestNoUnauthorized" name="test_member_no_401[/albums]" time="2.164" /><testcase classname="tests.test_phase3_photos_hall.TestHallBooking" name="test_list_halls_member" time="0.895" /><testcase classname="tests.test_phase3_photos_hall.TestHallBooking" name="test_member_cannot_create_hall" time="0.491" /><testcase classname="tests.test_phase3_photos_hall.TestNoUnauthorized" name="test_member_no_401[/halls]" time="0.864" /><testcase classname="tests.test_phase3_photos_hall.TestHallBooking" name="test_member_cannot_view_admin_bookings" time="0.459" /><testcase classname="tests.test_phase3_photos_hall.TestNoUnauthorized" name="test_member_no_401[/hashtags/trending]" time="1.004" /><testcase classname="tests.test_phase3_photos_hall.TestHallBooking" name="test_admin_can_list_halls_and_bookings" time="4.185" /><testcase classname="tests.test_phase3_photos_hall.TestNoUnauthorized" name="test_admin_no_401[/auth/me]" time="2.762" /><testcase classname="tests.test_phase3_photos_hall.TestNoUnauthorized" name="test_admin_no_401[/members?limit=5]" time="2.691" /><testcase classname="tests.test_phase3_photos_hall.TestHallBooking" name="test_booking_conflict_and_capacity" time="3.876" /><testcase classname="tests.test_phase3_photos_hall.TestNoUnauthorized" name="test_admin_no_401[/search?q=a]" time="4.434" /><testcase classname="tests.test_phase3_photos_hall.TestHallBooking" name="test_booking_create_and_cancel" time="1.516"><failure message="AssertionError: {&quot;detail&quot;:&quot;આ સમય પહેલેથી બુક છે&quot;}&#10;assert 409 == 200&#10; +  where 409 = &lt;Response [409]&gt;.status_code">E   AssertionError: {"detail":"આ સમય પહેલેથી બુક છે"}
    assert 409 == 200
     +  where 409 = &lt;Response [409]&gt;.status_code</failure></testcase><testcase classname="tests.test_phase3_photos_hall.TestDevices" name="test_register_short_token_400" time="0.486" /><testcase classname="tests.test_phase3_photos_hall.TestDevices" name="test_register_and_delete_ok" time="2.281" /><testcase classname="tests.test_phase3_photos_hall.TestNoUnauthorized" name="test_admin_no_401[/posts?limit=5]" time="3.207" /><testcase classname="tests.test_phase3_photos_hall.TestTrending" name="test_trending_endpoint" time="1.057" /><testcase classname="tests.test_phase3_photos_hall.TestSamajRoles" name="test_admin_set_role_and_hall_manage_flip" time="11.125" /><testcase classname="tests.test_phase3_photos_hall.TestNoUnauthorized" name="test_admin_no_401[/events]" time="2.375" /><testcase classname="tests.test_phase3_photos_hall.TestNoUnauthorized" name="test_admin_no_401[/conversations]" time="0.839" /><testcase classname="tests.test_phase3_photos_hall.TestNoUnauthorized" name="test_admin_no_401[/live/rooms]" time="0.822" /><testcase classname="tests.test_phase3_photos_hall.TestNoUnauthorized" name="test_admin_no_401[/notifications]" time="1.241" /><testcase classname="tests.test_phase3_photos_hall.TestNoUnauthorized" name="test_admin_no_401[/albums]" time="2.903" /><testcase classname="tests.test_phase3_photos_hall.TestNoUnauthorized" name="test_admin_no_401[/halls]" time="0.937" /><testcase classname="tests.test_phase3_photos_hall.TestNoUnauthorized" name="test_admin_no_401[/hashtags/trending]" time="1.329" /><testcase classname="tests.test_phase3_photos_hall.TestNoUnauthorized" name="test_admin_no_401[/admin/bookings?status=pending]" time="0.837" /><testcase classname="tests.test_phase3_photos_hall.TestNoUnauthorized" name="test_admin_no_401[/admin/stats]" time="5.002" /></testsuite></testsuites>