<?xml version="1.0" encoding="utf-8"?><testsuites name="pytest tests"><testsuite name="pytest" errors="0" failures="0" skipped="0" tests="13" time="72.927" timestamp="2026-09-06T07:34:19.623618+00:00" hostname="agent-env-43eca989-59da-410b-900d-50b990284173"><testcase classname="tests.test_phase2_social.TestPostEventLocation" name="test_create_post_with_event_and_location" time="8.457" /><testcase classname="tests.test_phase2_social.TestRepostAuthz" name="test_member_cannot_repost_samaj_only_to_samaj_b" time="6.291" /><testcase classname="tests.test_phase2_social.TestRepostAuthz" name="test_private_post_repost_403" time="3.734" /><testcase classname="tests.test_phase2_social.TestPostEventLocation" name="test_create_post_with_invalid_event_404" time="1.430" /><testcase classname="tests.test_phase2_social.TestPublicPost" name="test_public_post_when_disabled_403" time="0.944" /><testcase classname="tests.test_phase2_social.TestRepostAuthz" name="test_repost_own_samaj_ok" time="6.619" /><testcase classname="tests.test_phase2_social.TestPublicPost" name="test_public_post_flow_when_enabled" time="10.116" /><testcase classname="tests.test_phase2_social.TestModerationNotifications" name="test_hide_notifies_author" time="6.536" /><testcase classname="tests.test_phase2_social.TestCursorPagination" name="test_before_cursor_returns_older_and_no_duplicates" time="36.614" /><testcase classname="tests.test_phase2_social.TestModerationNotifications" name="test_resolve_report_notifies_reporter" time="8.077" /><testcase classname="tests.test_phase2_social.TestCommentReport" name="test_report_comment" time="5.712" /><testcase classname="tests.test_phase2_social.TestViewCount" name="test_view_increments_for_non_author" time="6.710" /><testcase classname="tests.test_phase2_social.TestSearchEvents" name="test_search_returns_events" time="8.169" /></testsuite></testsuites>