<?xml version="1.0" encoding="utf-8"?><testsuites name="pytest tests"><testsuite name="pytest" errors="0" failures="1" skipped="0" tests="13" time="23.077" timestamp="2026-09-06T06:43:12.776404+00:00" hostname="agent-env-43eca989-59da-410b-900d-50b990284173"><testcase classname="tests.backend_test.TestAuthBasics" name="test_auth_config" time="2.554" /><testcase classname="tests.backend_test.TestPostVisibilityAuthz" name="test_member_cannot_post_public" time="3.009" /><testcase classname="tests.backend_test.TestAuthBasics" name="test_auth_me_member" time="1.311" /><testcase classname="tests.backend_test.TestPostVisibilityAuthz" name="test_member_cannot_post_all_samaj" time="1.579" /><testcase classname="tests.backend_test.TestAuthBasics" name="test_auth_me_admin_is_super" time="0.893" /><testcase classname="tests.backend_test.TestPostVisibilityAuthz" name="test_member_injected_samajId_createdBy_overridden" time="3.032" /><testcase classname="tests.backend_test.TestAuthBasics" name="test_auth_me_no_token" time="0.071" /><testcase classname="tests.backend_test.TestSamajIsolation" name="test_samaj_isolation_after_switch" time="11.530" /><testcase classname="tests.backend_test.TestPostVisibilityAuthz" name="test_admin_can_post_public" time="3.247" /><testcase classname="tests.backend_test.TestConversationAuthz" name="test_non_member_cannot_read_messages" time="7.096" /><testcase classname="tests.backend_test.TestLiveCrossSamaj" name="test_live_samaj_only_hidden_cross_samaj" time="5.352" /><testcase classname="tests.backend_test.TestLiveValidation" name="test_live_without_streamurl_fails" time="0.846"><failure message="AssertionError: expected 400/422 got 200: {&quot;id&quot;:&quot;tAIWkFUBbKjbf8uAHUf7&quot;,&quot;createdBy&quot;:&quot;KPojF63NGUb2mFcbd5ScIXPikmM2&quot;,&quot;authorId&quot;:&quot;KPojF63NGUb2mFcbd5ScIXPikmM2&quot;,&quot;authorName&quot;:&quot;Member 4713&quot;,&quot;authorPhoto&quot;:&quot;&quot;,&quot;hostId&quot;:&quot;KPojF63NGUb2mFcbd5ScIXPikmM2&quot;,&quot;hostName&quot;:&quot;Member 4713&quot;,&quot;hostPhoto&quot;:&quot;&quot;,&quot;samajId&quot;:&quot;default&quot;,&quot;title&quot;:&quot;TEST_no_url&quot;,&quot;description&quot;:&quot;&quot;,&quot;thumbnail&quot;:&quot;&quot;,&quot;streamUrl&quot;:&quot;&quot;,&quot;scheduledAt&quot;:null,&quot;visibility&quot;:&quot;samaj&quot;,&quot;allowedUserIds&quot;:[],&quot;status&quot;:&quot;created&quot;,&quot;provider&quot;:&quot;embed&quot;,&quot;playback&quot;:null,&quot;viewerCount&quot;:0,&quot;peakViewers&quot;:0,&quot;viewers&quot;:[],&quot;reactions&quot;:{},&quot;chatEnabled&quot;:true,&quot;startedAt&quot;:null,&quot;endedAt&quot;:null,&quot;replayUrl&quot;:&quot;&quot;,&quot;createdAt&quot;:&quot;2026-09-06T06:43:31.592797+00:00&quot;,&quot;updatedAt&quot;:&quot;2026-09-06T06:43:31.592805+00:00&quot;}&#10;assert 200 in (400, 422)&#10; +  where 200 = &lt;Response [200]&gt;.status_code">backend/tests/backend_test.py:211: in test_live_without_streamurl_fails
    assert r.status_code in (400, 422), f"expected 400/422 got {r.status_code}: {r.text}"
E   AssertionError: expected 400/422 got 200: {"id":"tAIWkFUBbKjbf8uAHUf7","createdBy":"KPojF63NGUb2mFcbd5ScIXPikmM2","authorId":"KPojF63NGUb2mFcbd5ScIXPikmM2","authorName":"Member 4713","authorPhoto":"","hostId":"KPojF63NGUb2mFcbd5ScIXPikmM2","hostName":"Member 4713","hostPhoto":"","samajId":"default","title":"TEST_no_url","description":"","thumbnail":"","streamUrl":"","scheduledAt":null,"visibility":"samaj","allowedUserIds":[],"status":"created","provider":"embed","playback":null,"viewerCount":0,"peakViewers":0,"viewers":[],"reactions":{},"chatEnabled":true,"startedAt":null,"endedAt":null,"replayUrl":"","createdAt":"2026-09-06T06:43:31.592797+00:00","updatedAt":"2026-09-06T06:43:31.592805+00:00"}
E   assert 200 in (400, 422)
E    +  where 200 = &lt;Response [200]&gt;.status_code</failure></testcase><testcase classname="tests.backend_test.TestPublicFeedToggle" name="test_public_feed_default_disabled" time="0.914" /></testsuite></testsuites>